-------------------------------------------------------------------------------------------------------------
      name:  <unnamed>
       log:  C:\Users\rafae\Desktop\idea3 masc.log
  log type:  text
 opened on:  08 Jan 2023, 10:31:05


Iteration 0:   log likelihood =  -35.35128  
Iteration 1:   log likelihood = -35.222262  
Iteration 2:   log likelihood = -35.221725  
Iteration 3:   log likelihood = -35.221725  

Poisson regression                                Number of obs   =         93
                                                  LR chi2(6)      =      45.24
                                                  Prob > chi2     =     0.0000
Log likelihood = -35.221725                       Pseudo R2       =     0.3911

------------------------------------------------------------------------------
      idea_3 |        IRR   Std. Err.      z    P>|z|     [95% Conf. Interval]
-------------+----------------------------------------------------------------
       vpsdp |   3.399398   1.998442     2.08   0.037     1.073981    10.75988
       vpadp |   3.144648   1.656001     2.18   0.030     1.120266    8.827196
        ftps |   .5846443   .6471402    -0.48   0.628     .0667883    5.117797
         fum |    1.84659    2.08037     0.54   0.586     .2029579    16.80099
        teef |   4.168274   2.765003     2.15   0.031     1.135837    15.29665
        tein |   .6837239   .3391963    -0.77   0.443     .2585821    1.807852
       _cons |   .0373549   .0222567    -5.52   0.000     .0116195    .1200904
------------------------------------------------------------------------------


         Deviance goodness-of-fit =  20.44345
         Prob > chi2(86)          =    1.0000

         Pearson goodness-of-fit  =    24.847
         Prob > chi2(86)          =    1.0000


      Source |       SS       df       MS              Number of obs =      93
-------------+------------------------------           F(  6,    86) =   54.66
       Model |  14.4819524     6  2.41365873           Prob > F      =  0.0000
    Residual |  3.79761753    86  .044158343           R-squared     =  0.7922
-------------+------------------------------           Adj R-squared =  0.7778
       Total |  18.2795699    92  .198690977           Root MSE      =  .21014

------------------------------------------------------------------------------
      idea_3 |      Coef.   Std. Err.      t    P>|t|     [95% Conf. Interval]
-------------+----------------------------------------------------------------
       vpsdp |   .4240034   .0752861     5.63   0.000     .2743395    .5736673
       vpadp |    .340205   .0625791     5.44   0.000     .2158018    .4646083
        ftps |   .0034943   .0924066     0.04   0.970     -.180204    .1871925
         fum |  -.0024096    .092872    -0.03   0.979     -.187033    .1822138
        teef |   .3323822   .0747094     4.45   0.000     .1838647    .4808996
        tein |   .0145735   .0934837     0.16   0.876     -.171266    .2004129
       _cons |   -.001458   .0300184    -0.05   0.961    -.0611326    .0582167
------------------------------------------------------------------------------


    Variable |       VIF       1/VIF  
-------------+----------------------
         fum |      4.42    0.226083
        ftps |      4.31    0.232113
        teef |      2.31    0.432809
       vpsdp |      2.02    0.496264
        tein |      1.77    0.566169
       vpadp |      1.58    0.633251
-------------+----------------------
    Mean VIF |      2.73

(obs=93)

             |   idea_3    vpsdp    vpadp     ftps      fum     teef     tein
-------------+---------------------------------------------------------------
      idea_3 |   1.0000
       vpsdp |   0.7452   1.0000
       vpadp |   0.6955   0.4090   1.0000
        ftps |   0.3991   0.4301   0.3239   1.0000
         fum |   0.4186   0.4038   0.3454   0.8674   1.0000
        teef |   0.7812   0.6271   0.5847   0.3495   0.4186   1.0000
        tein |   0.5725   0.5787   0.4299   0.3561   0.4084   0.5725   1.0000

. exit, clear
